Copyright 1986-2020 Xilinx, Inc. All Rights Reserved.
-----------------------------------------------------------------------------------------------------------------------------------------------
| Tool Version : Vivado v.2020.2 (win64) Build 3064766 Wed Nov 18 09:12:45 MST 2020
| Date         : Sun Jan  2 20:15:16 2022
| Host         : PC-Arsalen running 64-bit major release  (build 9200)
| Command      : report_methodology -file IIR_methodology_drc_routed.rpt -pb IIR_methodology_drc_routed.pb -rpx IIR_methodology_drc_routed.rpx
| Design       : IIR
| Device       : xc7z010clg400-1
| Speed File   : -1
| Design State : Fully Routed
-----------------------------------------------------------------------------------------------------------------------------------------------

Report Methodology

Table of Contents
-----------------
1. REPORT SUMMARY
2. REPORT DETAILS

1. REPORT SUMMARY
-----------------
            Netlist: netlist
          Floorplan: design_1
      Design limits: <entire design considered>
             Max violations: <unlimited>
             Violations found: 33
+-----------+----------+-------------------------------+------------+
| Rule      | Severity | Description                   | Violations |
+-----------+----------+-------------------------------+------------+
| TIMING-18 | Warning  | Missing input or output delay | 33         |
+-----------+----------+-------------------------------+------------+

2. REPORT DETAILS
-----------------
TIMING-18#1 Warning
Missing input or output delay  
An input delay is missing on X[0] relative to clock(s) clock
Related violations: <none>

TIMING-18#2 Warning
Missing input or output delay  
An input delay is missing on X[10] relative to clock(s) clock
Related violations: <none>

TIMING-18#3 Warning
Missing input or output delay  
An input delay is missing on X[11] relative to clock(s) clock
Related violations: <none>

TIMING-18#4 Warning
Missing input or output delay  
An input delay is missing on X[12] relative to clock(s) clock
Related violations: <none>

TIMING-18#5 Warning
Missing input or output delay  
An input delay is missing on X[13] relative to clock(s) clock
Related violations: <none>

TIMING-18#6 Warning
Missing input or output delay  
An input delay is missing on X[14] relative to clock(s) clock
Related violations: <none>

TIMING-18#7 Warning
Missing input or output delay  
An input delay is missing on X[15] relative to clock(s) clock
Related violations: <none>

TIMING-18#8 Warning
Missing input or output delay  
An input delay is missing on X[1] relative to clock(s) clock
Related violations: <none>

TIMING-18#9 Warning
Missing input or output delay  
An input delay is missing on X[2] relative to clock(s) clock
Related violations: <none>

TIMING-18#10 Warning
Missing input or output delay  
An input delay is missing on X[3] relative to clock(s) clock
Related violations: <none>

TIMING-18#11 Warning
Missing input or output delay  
An input delay is missing on X[4] relative to clock(s) clock
Related violations: <none>

TIMING-18#12 Warning
Missing input or output delay  
An input delay is missing on X[5] relative to clock(s) clock
Related violations: <none>

TIMING-18#13 Warning
Missing input or output delay  
An input delay is missing on X[6] relative to clock(s) clock
Related violations: <none>

TIMING-18#14 Warning
Missing input or output delay  
An input delay is missing on X[7] relative to clock(s) clock
Related violations: <none>

TIMING-18#15 Warning
Missing input or output delay  
An input delay is missing on X[8] relative to clock(s) clock
Related violations: <none>

TIMING-18#16 Warning
Missing input or output delay  
An input delay is missing on X[9] relative to clock(s) clock
Related violations: <none>

TIMING-18#17 Warning
Missing input or output delay  
An input delay is missing on rst_l relative to clock(s) clock
Related violations: <none>

TIMING-18#18 Warning
Missing input or output delay  
An output delay is missing on Y[0] relative to clock(s) clock
Related violations: <none>

TIMING-18#19 Warning
Missing input or output delay  
An output delay is missing on Y[10] relative to clock(s) clock
Related violations: <none>

TIMING-18#20 Warning
Missing input or output delay  
An output delay is missing on Y[11] relative to clock(s) clock
Related violations: <none>

TIMING-18#21 Warning
Missing input or output delay  
An output delay is missing on Y[12] relative to clock(s) clock
Related violations: <none>

TIMING-18#22 Warning
Missing input or output delay  
An output delay is missing on Y[13] relative to clock(s) clock
Related violations: <none>

TIMING-18#23 Warning
Missing input or output delay  
An output delay is missing on Y[14] relative to clock(s) clock
Related violations: <none>

TIMING-18#24 Warning
Missing input or output delay  
An output delay is missing on Y[15] relative to clock(s) clock
Related violations: <none>

TIMING-18#25 Warning
Missing input or output delay  
An output delay is missing on Y[1] relative to clock(s) clock
Related violations: <none>

TIMING-18#26 Warning
Missing input or output delay  
An output delay is missing on Y[2] relative to clock(s) clock
Related violations: <none>

TIMING-18#27 Warning
Missing input or output delay  
An output delay is missing on Y[3] relative to clock(s) clock
Related violations: <none>

TIMING-18#28 Warning
Missing input or output delay  
An output delay is missing on Y[4] relative to clock(s) clock
Related violations: <none>

TIMING-18#29 Warning
Missing input or output delay  
An output delay is missing on Y[5] relative to clock(s) clock
Related violations: <none>

TIMING-18#30 Warning
Missing input or output delay  
An output delay is missing on Y[6] relative to clock(s) clock
Related violations: <none>

TIMING-18#31 Warning
Missing input or output delay  
An output delay is missing on Y[7] relative to clock(s) clock
Related violations: <none>

TIMING-18#32 Warning
Missing input or output delay  
An output delay is missing on Y[8] relative to clock(s) clock
Related violations: <none>

TIMING-18#33 Warning
Missing input or output delay  
An output delay is missing on Y[9] relative to clock(s) clock
Related violations: <none>


