Vivado Simulator 2020.2
Copyright 1986-1999, 2001-2020 Xilinx, Inc. All Rights Reserved.
Running: C:/Xilinx/Vivado/2020.2/bin/unwrapped/win64.o/xelab.exe -wto 8377d9ad89fe4230bc4bd325de1b19f6 --incr --debug typical --relax --mt 2 -L xil_defaultlib -L secureip --snapshot IIR_behav xil_defaultlib.IIR -log elaborate.log 
Using 2 slave threads.
Starting static elaboration
Completed static elaboration
Starting simulation data flow analysis
Completed simulation data flow analysis
Time Resolution for simulation is 1ps
Compiling package std.standard
Compiling package std.textio
Compiling package ieee.std_logic_1164
Compiling package ieee.numeric_std
Compiling architecture behavioral of entity xil_defaultlib.parallelFlipFlop [\parallelFlipFlop(nbit=18)\]
Compiling architecture arch of entity xil_defaultlib.FullAdder [fulladder_default]
Compiling architecture arch of entity xil_defaultlib.RippleCarryAdder [\RippleCarryAdder(nbit=18)\]
Compiling architecture arch of entity xil_defaultlib.FullSubtractor [fullsubtractor_default]
Compiling architecture arch of entity xil_defaultlib.RippleCarrySubtractor [\RippleCarrySubtractor(nbit=18)\]
Compiling architecture arch of entity xil_defaultlib.iir
Built simulation snapshot IIR_behav
